WARNING: underlay of /etc/localtime required more than 50 (84) bind mounts
WARNING: underlay of /usr/bin/nvidia-persistenced required more than 50 (413) bind mounts
Traceback (most recent call last):
  File "/mnt/storage/franklhtan/projects/PhonGen2025/src/train251020_12phase.py", line 253, in <module>
    main(args.config, run_time)
  File "/mnt/storage/franklhtan/projects/PhonGen2025/src/train251020_12phase.py", line 107, in main
    wandb.init(project="Phon20251011", name=config.RUN_NAME + f"_{run_time}")
  File "/opt/anaconda3/lib/python3.12/site-packages/wandb/sdk/wandb_init.py", line 1598, in init
    wandb._sentry.reraise(e)
  File "/opt/anaconda3/lib/python3.12/site-packages/wandb/analytics/sentry.py", line 162, in reraise
    raise exc.with_traceback(sys.exc_info()[2])
  File "/opt/anaconda3/lib/python3.12/site-packages/wandb/sdk/wandb_init.py", line 1520, in init
    wi.maybe_login(init_settings)
  File "/opt/anaconda3/lib/python3.12/site-packages/wandb/sdk/wandb_init.py", line 191, in maybe_login
    wandb_login._login(
  File "/opt/anaconda3/lib/python3.12/site-packages/wandb/sdk/wandb_login.py", line 320, in _login
    key, key_status = wlogin.prompt_api_key(referrer=referrer)
                      ^^^^^^^^^^^^^^^^^^^^^^^^^^^^^^^^^^^^^^^^
  File "/opt/anaconda3/lib/python3.12/site-packages/wandb/sdk/wandb_login.py", line 245, in prompt_api_key
    raise UsageError("api_key not configured (no-tty). call " + directive)
wandb.errors.errors.UsageError: api_key not configured (no-tty). call wandb.login(key=[your_api_key])
